2015/09/30 23:48:32 [error] [exception.CHttpException.404] exception 'CHttpException' with message 'Unable to resolve the request "empelado/index".' in C:\xampp\htdocs\yii\framework\web\CWebApplication.php:286
Stack trace:
#0 C:\xampp\htdocs\yii\framework\web\CWebApplication.php(141): CWebApplication->runController('empelado/index')
#1 C:\xampp\htdocs\yii\framework\base\CApplication.php(184): CWebApplication->processRequest()
#2 C:\xampp\htdocs\nomina1\index.php(13): CApplication->run()
#3 {main}
REQUEST_URI=/nomina1/index.php?r=empelado/index
---
2015/10/10 23:20:29 [error] [php] Undefined variable: model (C:\xampp\htdocs\nomina1\protected\views\site\pages\about.php:43)
Stack trace:
#0 C:\xampp\htdocs\yii\framework\web\CController.php(869): SiteController->renderFile()
#1 C:\xampp\htdocs\yii\framework\web\CController.php(782): SiteController->renderPartial()
#2 C:\xampp\htdocs\yii\framework\web\actions\CViewAction.php(140): SiteController->render()
#3 C:\xampp\htdocs\yii\framework\web\actions\CAction.php(76): CViewAction->run()
#4 C:\xampp\htdocs\yii\framework\web\CController.php(308): CViewAction->runWithParams()
#5 C:\xampp\htdocs\yii\framework\web\CController.php(286): SiteController->runAction()
#6 C:\xampp\htdocs\yii\framework\web\CController.php(265): SiteController->runActionWithFilters()
#7 C:\xampp\htdocs\yii\framework\web\CWebApplication.php(282): SiteController->run()
#8 C:\xampp\htdocs\yii\framework\web\CWebApplication.php(141): CWebApplication->runController()
#9 C:\xampp\htdocs\yii\framework\base\CApplication.php(184): CWebApplication->processRequest()
#10 C:\xampp\htdocs\nomina1\index.php(13): CWebApplication->run()
REQUEST_URI=/nomina1/index.php?r=site/page&view=about
in C:\xampp\htdocs\nomina1\protected\views\site\pages\about.php (43)
in C:\xampp\htdocs\nomina1\index.php (13)
2015/10/10 23:20:31 [error] [php] Undefined variable: model (C:\xampp\htdocs\nomina1\protected\views\site\pages\about.php:43)
Stack trace:
#0 C:\xampp\htdocs\yii\framework\web\CController.php(869): SiteController->renderFile()
#1 C:\xampp\htdocs\yii\framework\web\CController.php(782): SiteController->renderPartial()
#2 C:\xampp\htdocs\yii\framework\web\actions\CViewAction.php(140): SiteController->render()
#3 C:\xampp\htdocs\yii\framework\web\actions\CAction.php(76): CViewAction->run()
#4 C:\xampp\htdocs\yii\framework\web\CController.php(308): CViewAction->runWithParams()
#5 C:\xampp\htdocs\yii\framework\web\CController.php(286): SiteController->runAction()
#6 C:\xampp\htdocs\yii\framework\web\CController.php(265): SiteController->runActionWithFilters()
#7 C:\xampp\htdocs\yii\framework\web\CWebApplication.php(282): SiteController->run()
#8 C:\xampp\htdocs\yii\framework\web\CWebApplication.php(141): CWebApplication->runController()
#9 C:\xampp\htdocs\yii\framework\base\CApplication.php(184): CWebApplication->processRequest()
#10 C:\xampp\htdocs\nomina1\index.php(13): CWebApplication->run()
REQUEST_URI=/nomina1/index.php?r=site/page&view=about
in C:\xampp\htdocs\nomina1\protected\views\site\pages\about.php (43)
in C:\xampp\htdocs\nomina1\index.php (13)
2015/10/10 23:20:33 [error] [php] Undefined variable: model (C:\xampp\htdocs\nomina1\protected\views\site\pages\about.php:43)
Stack trace:
#0 C:\xampp\htdocs\yii\framework\web\CController.php(869): SiteController->renderFile()
#1 C:\xampp\htdocs\yii\framework\web\CController.php(782): SiteController->renderPartial()
#2 C:\xampp\htdocs\yii\framework\web\actions\CViewAction.php(140): SiteController->render()
#3 C:\xampp\htdocs\yii\framework\web\actions\CAction.php(76): CViewAction->run()
#4 C:\xampp\htdocs\yii\framework\web\CController.php(308): CViewAction->runWithParams()
#5 C:\xampp\htdocs\yii\framework\web\CController.php(286): SiteController->runAction()
#6 C:\xampp\htdocs\yii\framework\web\CController.php(265): SiteController->runActionWithFilters()
#7 C:\xampp\htdocs\yii\framework\web\CWebApplication.php(282): SiteController->run()
#8 C:\xampp\htdocs\yii\framework\web\CWebApplication.php(141): CWebApplication->runController()
#9 C:\xampp\htdocs\yii\framework\base\CApplication.php(184): CWebApplication->processRequest()
#10 C:\xampp\htdocs\nomina1\index.php(13): CWebApplication->run()
REQUEST_URI=/nomina1/index.php?r=site/page&view=about
in C:\xampp\htdocs\nomina1\protected\views\site\pages\about.php (43)
in C:\xampp\htdocs\nomina1\index.php (13)
2015/10/10 23:20:40 [error] [php] Undefined variable: model (C:\xampp\htdocs\nomina1\protected\views\site\pages\about.php:43)
Stack trace:
#0 C:\xampp\htdocs\yii\framework\web\CController.php(869): SiteController->renderFile()
#1 C:\xampp\htdocs\yii\framework\web\CController.php(782): SiteController->renderPartial()
#2 C:\xampp\htdocs\yii\framework\web\actions\CViewAction.php(140): SiteController->render()
#3 C:\xampp\htdocs\yii\framework\web\actions\CAction.php(76): CViewAction->run()
#4 C:\xampp\htdocs\yii\framework\web\CController.php(308): CViewAction->runWithParams()
#5 C:\xampp\htdocs\yii\framework\web\CController.php(286): SiteController->runAction()
#6 C:\xampp\htdocs\yii\framework\web\CController.php(265): SiteController->runActionWithFilters()
#7 C:\xampp\htdocs\yii\framework\web\CWebApplication.php(282): SiteController->run()
#8 C:\xampp\htdocs\yii\framework\web\CWebApplication.php(141): CWebApplication->runController()
#9 C:\xampp\htdocs\yii\framework\base\CApplication.php(184): CWebApplication->processRequest()
#10 C:\xampp\htdocs\nomina1\index.php(13): CWebApplication->run()
REQUEST_URI=/nomina1/index.php?r=site/page&view=about
in C:\xampp\htdocs\nomina1\protected\views\site\pages\about.php (43)
in C:\xampp\htdocs\nomina1\index.php (13)
2015/10/10 23:21:01 [error] [php] Undefined variable: model (C:\xampp\htdocs\nomina1\protected\views\site\pages\about.php:43)
Stack trace:
#0 C:\xampp\htdocs\yii\framework\web\CController.php(869): SiteController->renderFile()
#1 C:\xampp\htdocs\yii\framework\web\CController.php(782): SiteController->renderPartial()
#2 C:\xampp\htdocs\yii\framework\web\actions\CViewAction.php(140): SiteController->render()
#3 C:\xampp\htdocs\yii\framework\web\actions\CAction.php(76): CViewAction->run()
#4 C:\xampp\htdocs\yii\framework\web\CController.php(308): CViewAction->runWithParams()
#5 C:\xampp\htdocs\yii\framework\web\CController.php(286): SiteController->runAction()
#6 C:\xampp\htdocs\yii\framework\web\CController.php(265): SiteController->runActionWithFilters()
#7 C:\xampp\htdocs\yii\framework\web\CWebApplication.php(282): SiteController->run()
#8 C:\xampp\htdocs\yii\framework\web\CWebApplication.php(141): CWebApplication->runController()
#9 C:\xampp\htdocs\yii\framework\base\CApplication.php(184): CWebApplication->processRequest()
#10 C:\xampp\htdocs\nomina1\index.php(13): CWebApplication->run()
REQUEST_URI=/nomina1/index.php?r=site/page&view=about
in C:\xampp\htdocs\nomina1\protected\views\site\pages\about.php (43)
in C:\xampp\htdocs\nomina1\index.php (13)
2015/10/10 23:21:29 [error] [php] Undefined variable: model (C:\xampp\htdocs\nomina1\protected\views\site\pages\about.php:43)
Stack trace:
#0 C:\xampp\htdocs\yii\framework\web\CController.php(869): SiteController->renderFile()
#1 C:\xampp\htdocs\yii\framework\web\CController.php(782): SiteController->renderPartial()
#2 C:\xampp\htdocs\yii\framework\web\actions\CViewAction.php(140): SiteController->render()
#3 C:\xampp\htdocs\yii\framework\web\actions\CAction.php(76): CViewAction->run()
#4 C:\xampp\htdocs\yii\framework\web\CController.php(308): CViewAction->runWithParams()
#5 C:\xampp\htdocs\yii\framework\web\CController.php(286): SiteController->runAction()
#6 C:\xampp\htdocs\yii\framework\web\CController.php(265): SiteController->runActionWithFilters()
#7 C:\xampp\htdocs\yii\framework\web\CWebApplication.php(282): SiteController->run()
#8 C:\xampp\htdocs\yii\framework\web\CWebApplication.php(141): CWebApplication->runController()
#9 C:\xampp\htdocs\yii\framework\base\CApplication.php(184): CWebApplication->processRequest()
#10 C:\xampp\htdocs\nomina1\index.php(13): CWebApplication->run()
REQUEST_URI=/nomina1/index.php?r=site/page&view=about
in C:\xampp\htdocs\nomina1\protected\views\site\pages\about.php (43)
in C:\xampp\htdocs\nomina1\index.php (13)
2015/10/10 23:21:31 [error] [php] Undefined variable: model (C:\xampp\htdocs\nomina1\protected\views\site\pages\about.php:43)
Stack trace:
#0 C:\xampp\htdocs\yii\framework\web\CController.php(869): SiteController->renderFile()
#1 C:\xampp\htdocs\yii\framework\web\CController.php(782): SiteController->renderPartial()
#2 C:\xampp\htdocs\yii\framework\web\actions\CViewAction.php(140): SiteController->render()
#3 C:\xampp\htdocs\yii\framework\web\actions\CAction.php(76): CViewAction->run()
#4 C:\xampp\htdocs\yii\framework\web\CController.php(308): CViewAction->runWithParams()
#5 C:\xampp\htdocs\yii\framework\web\CController.php(286): SiteController->runAction()
#6 C:\xampp\htdocs\yii\framework\web\CController.php(265): SiteController->runActionWithFilters()
#7 C:\xampp\htdocs\yii\framework\web\CWebApplication.php(282): SiteController->run()
#8 C:\xampp\htdocs\yii\framework\web\CWebApplication.php(141): CWebApplication->runController()
#9 C:\xampp\htdocs\yii\framework\base\CApplication.php(184): CWebApplication->processRequest()
#10 C:\xampp\htdocs\nomina1\index.php(13): CWebApplication->run()
REQUEST_URI=/nomina1/index.php?r=site/page&view=about
in C:\xampp\htdocs\nomina1\protected\views\site\pages\about.php (43)
in C:\xampp\htdocs\nomina1\index.php (13)
2015/10/10 23:57:37 [error] [system.db.CDbCommand] CDbCommand::fetchAll() failed: SQLSTATE[42S02]: Base table or view not found: 1146 Table 'nomina1.empleado' doesn't exist. The SQL statement executed was: SHOW FULL COLUMNS FROM `empleado`.
in C:\xampp\htdocs\nomina1\protected\views\empleado\index.php (20)
in C:\xampp\htdocs\nomina1\protected\controllers\EmpleadoController.php (128)
in C:\xampp\htdocs\nomina1\index.php (13)
2015/10/10 23:57:37 [error] [exception.CDbException] exception 'CDbException' with message 'The table "empleado" for active record class "Empleado" cannot be found in the database.' in C:\xampp\htdocs\yii\framework\db\ar\CActiveRecord.php:2385
Stack trace:
#0 C:\xampp\htdocs\yii\framework\db\ar\CActiveRecord.php(411): CActiveRecordMetaData->__construct(Object(Empleado))
#1 C:\xampp\htdocs\yii\framework\db\ar\CActiveRecord.php(661): CActiveRecord->getMetaData()
#2 C:\xampp\htdocs\yii\framework\db\ar\CActiveRecord.php(1606): CActiveRecord->getTableSchema()
#3 C:\xampp\htdocs\yii\framework\web\CActiveDataProvider.php(228): CActiveRecord->count(Object(CDbCriteria))
#4 C:\xampp\htdocs\yii\framework\web\CDataProvider.php(224): CActiveDataProvider->calculateTotalItemCount()
#5 C:\xampp\htdocs\yii\framework\web\CActiveDataProvider.php(178): CDataProvider->getTotalItemCount()
#6 C:\xampp\htdocs\yii\framework\web\CDataProvider.php(168): CActiveDataProvider->fetchData()
#7 C:\xampp\htdocs\yii\framework\zii\widgets\CBaseListView.php(125): CDataProvider->getData()
#8 C:\xampp\htdocs\yii\framework\zii\widgets\CListView.php(211): CBaseListView->init()
#9 C:\xampp\htdocs\yii\framework\web\CBaseController.php(147): CListView->init()
#10 C:\xampp\htdocs\yii\framework\web\CBaseController.php(180): CBaseController->createWidget('zii.widgets.CLi...', Array)
#11 C:\xampp\htdocs\nomina1\protected\views\empleado\index.php(20): CBaseController->widget('zii.widgets.CLi...', Array)
#12 C:\xampp\htdocs\yii\framework\web\CBaseController.php(126): require('C:\\xampp\\htdocs...')
#13 C:\xampp\htdocs\yii\framework\web\CBaseController.php(95): CBaseController->renderInternal('C:\\xampp\\htdocs...', Array, true)
#14 C:\xampp\htdocs\yii\framework\web\CController.php(869): CBaseController->renderFile('C:\\xampp\\htdocs...', Array, true)
#15 C:\xampp\htdocs\yii\framework\web\CController.php(782): CController->renderPartial('index', Array, true)
#16 C:\xampp\htdocs\nomina1\protected\controllers\EmpleadoController.php(128): CController->render('index', Array)
#17 C:\xampp\htdocs\yii\framework\web\actions\CInlineAction.php(49): EmpleadoController->actionIndex()
#18 C:\xampp\htdocs\yii\framework\web\CController.php(308): CInlineAction->runWithParams(Array)
#19 C:\xampp\htdocs\yii\framework\web\filters\CFilterChain.php(133): CController->runAction(Object(CInlineAction))
#20 C:\xampp\htdocs\yii\framework\web\filters\CFilter.php(40): CFilterChain->run()
#21 C:\xampp\htdocs\yii\framework\web\CController.php(1145): CFilter->filter(Object(CFilterChain))
#22 C:\xampp\htdocs\yii\framework\web\filters\CInlineFilter.php(58): CController->filterAccessControl(Object(CFilterChain))
#23 C:\xampp\htdocs\yii\framework\web\filters\CFilterChain.php(130): CInlineFilter->filter(Object(CFilterChain))
#24 C:\xampp\htdocs\yii\framework\web\CController.php(291): CFilterChain->run()
#25 C:\xampp\htdocs\yii\framework\web\CController.php(265): CController->runActionWithFilters(Object(CInlineAction), Array)
#26 C:\xampp\htdocs\yii\framework\web\CWebApplication.php(282): CController->run('index')
#27 C:\xampp\htdocs\yii\framework\web\CWebApplication.php(141): CWebApplication->runController('empleado/index')
#28 C:\xampp\htdocs\yii\framework\base\CApplication.php(184): CWebApplication->processRequest()
#29 C:\xampp\htdocs\nomina1\index.php(13): CApplication->run()
#30 {main}
REQUEST_URI=/nomina1/index.php?r=empleado/index
HTTP_REFERER=http://localhost/nomina1/index.php?r=site/login
---
